mode: atomic
github.com/ckenk/THD-Cars/carServer.go:37.34,45.2 2 6
github.com/ckenk/THD-Cars/carServer.go:47.88,53.9 5 15
github.com/ckenk/THD-Cars/carServer.go:54.81,57.9 3 1
github.com/ckenk/THD-Cars/carServer.go:58.83,61.9 3 2
github.com/ckenk/THD-Cars/carServer.go:62.82,65.9 3 10
github.com/ckenk/THD-Cars/carServer.go:66.83,69.9 3 2
github.com/ckenk/THD-Cars/carServer.go:74.10,76.9 2 0
github.com/ckenk/THD-Cars/carServer.go:81.78,83.39 2 1
github.com/ckenk/THD-Cars/carServer.go:86.2,87.16 2 1
github.com/ckenk/THD-Cars/carServer.go:91.2,92.20 2 1
github.com/ckenk/THD-Cars/carServer.go:83.39,85.3 1 2
github.com/ckenk/THD-Cars/carServer.go:87.16,90.3 2 0
github.com/ckenk/THD-Cars/carServer.go:96.82,98.22 2 2
github.com/ckenk/THD-Cars/carServer.go:103.2,104.9 2 2
github.com/ckenk/THD-Cars/carServer.go:109.2,110.16 2 1
github.com/ckenk/THD-Cars/carServer.go:114.2,115.25 2 1
github.com/ckenk/THD-Cars/carServer.go:98.22,101.3 2 0
github.com/ckenk/THD-Cars/carServer.go:104.9,108.3 3 1
github.com/ckenk/THD-Cars/carServer.go:110.16,113.3 2 0
github.com/ckenk/THD-Cars/carServer.go:119.85,121.61 2 10
github.com/ckenk/THD-Cars/carServer.go:127.2,132.17 5 10
github.com/ckenk/THD-Cars/carServer.go:136.2,139.26 4 10
github.com/ckenk/THD-Cars/carServer.go:121.61,125.3 3 0
github.com/ckenk/THD-Cars/carServer.go:132.17,135.3 2 0
github.com/ckenk/THD-Cars/carServer.go:143.85,147.70 2 2
github.com/ckenk/THD-Cars/carServer.go:153.2,154.22 2 2
github.com/ckenk/THD-Cars/carServer.go:160.2,161.12 2 2
github.com/ckenk/THD-Cars/carServer.go:168.2,172.16 4 1
github.com/ckenk/THD-Cars/carServer.go:176.2,177.25 2 1
github.com/ckenk/THD-Cars/carServer.go:147.70,151.3 3 0
github.com/ckenk/THD-Cars/carServer.go:154.22,157.3 2 0
github.com/ckenk/THD-Cars/carServer.go:161.12,165.3 3 1
github.com/ckenk/THD-Cars/carServer.go:172.16,175.3 2 0
github.com/ckenk/THD-Cars/carServer.go:180.66,183.2 2 0
github.com/ckenk/THD-Cars/carServer.go:185.55,188.2 2 0
github.com/ckenk/THD-Cars/carServer.go:190.24,192.2 1 15
github.com/ckenk/THD-Cars/carServer.go:194.36,196.2 1 0
github.com/ckenk/THD-Cars/main.go:7.13,16.2 5 0
